<?xml version="1.0" encoding="UTF-8"?>
<testsuite xmlns:xsi="http://www.w3.org/2001/XMLSchema-instance" xsi:noNamespaceSchemaLocation="https://maven.apache.org/surefire/maven-surefire-plugin/xsd/surefire-test-report-3.0.xsd" version="3.0" name="com.example.server.ServerApplicationTests" time="5.458" tests="1" errors="0" skipped="0" failures="0">
  <properties>
[...]
</properties>
  <testcase name="contextLoads" classname="com.example.server.ServerApplicationTests" time="0.005">
    <system-out><![CDATA[2024-10-03T22:17:02.818+04:00  INFO 30976 --- [server] [           main] t.c.s.AnnotationConfigContextLoaderUtils : Could not detect default configuration classes for test class [com.example.server.ServerApplicationTests]: ServerApplicationTests does not declare any static, non-private, non-final, nested classes annotated with @Configuration.
2024-10-03T22:17:02.830+04:00  INFO 30976 --- [server] [           main] .b.t.c.SpringBootTestContextBootstrapper : Found @SpringBootConfiguration com.example.server.ServerApplication for test class com.example.server.ServerApplicationTests
2024-10-03T22:17:02.841+04:00  INFO 30976 --- [server] [           main] o.s.b.d.r.RestartApplicationListener     : Restart disabled due to context in which it is running

  .   ____          _            __ _ _
 /\\ / ___'_ __ _ _(_)_ __  __ _ \ \ \ \
( ( )\___ | '_ | '_| | '_ \/ _` | \ \ \ \
 \\/  ___)| |_)| | | | | || (_| |  ) ) ) )
  '  |____| .__|_| |_|_| |_\__, | / / / /
 =========|_|==============|___/=/_/_/_/
 :: Spring Boot ::               (v3.2.10)

2024-10-03T22:17:02.867+04:00  INFO 30976 --- [server] [           main] c.example.server.ServerApplicationTests  : Starting ServerApplicationTests using Java 17.0.8 with PID 30976 (started by AADHIVEL in c:\Users\AADHIVEL\OneDrive\Desktop\RAK Bank\server\server)
2024-10-03T22:17:02.868+04:00  INFO 30976 --- [server] [           main] c.example.server.ServerApplicationTests  : No active profile set, falling back to 1 default profile: "default"
2024-10-03T22:17:03.498+04:00  INFO 30976 --- [server] [           main] .s.d.r.c.RepositoryConfigurationDelegate : Bootstrapping Spring Data JPA repositories in DEFAULT mode.
2024-10-03T22:17:03.558+04:00  INFO 30976 --- [server] [           main] .s.d.r.c.RepositoryConfigurationDelegate : Finished Spring Data repository scanning in 46 ms. Found 1 JPA repository interface.
2024-10-03T22:17:04.023+04:00  INFO 30976 --- [server] [           main] o.hibernate.jpa.internal.util.LogHelper  : HHH000204: Processing PersistenceUnitInfo [name: default]
2024-10-03T22:17:04.221+04:00  INFO 30976 --- [server] [           main] org.hibernate.Version                    : HHH000412: Hibernate ORM core version 6.4.10.Final
2024-10-03T22:17:04.337+04:00  INFO 30976 --- [server] [           main] o.h.c.internal.RegionFactoryInitiator    : HHH000026: Second-level cache disabled
2024-10-03T22:17:04.780+04:00  INFO 30976 --- [server] [           main] o.s.o.j.p.SpringPersistenceUnitInfo      : No LoadTimeWeaver setup: ignoring JPA class transformer
2024-10-03T22:17:04.851+04:00  INFO 30976 --- [server] [           main] com.zaxxer.hikari.HikariDataSource       : HikariPool-1 - Starting...
2024-10-03T22:17:05.325+04:00  INFO 30976 --- [server] [           main] com.zaxxer.hikari.pool.HikariPool        : HikariPool-1 - Added connection conn0: url=jdbc:h2:mem:testdb user=SA
2024-10-03T22:17:05.328+04:00  INFO 30976 --- [server] [           main] com.zaxxer.hikari.HikariDataSource       : HikariPool-1 - Start completed.
2024-10-03T22:17:05.385+04:00  WARN 30976 --- [server] [           main] org.hibernate.orm.deprecation            : HHH90000025: H2Dialect does not need to be specified explicitly using 'hibernate.dialect' (remove the property setting and it will be selected by default)
2024-10-03T22:17:06.829+04:00  INFO 30976 --- [server] [           main] o.h.e.t.j.p.i.JtaPlatformInitiator       : HHH000489: No JTA platform available (set 'hibernate.transaction.jta.platform' to enable JTA platform integration)
2024-10-03T22:17:06.973+04:00  INFO 30976 --- [server] [           main] j.LocalContainerEntityManagerFactoryBean : Initialized JPA EntityManagerFactory for persistence unit 'default'
2024-10-03T22:17:07.700+04:00  WARN 30976 --- [server] [           main] JpaBaseConfiguration$JpaWebConfiguration : spring.jpa.open-in-view is enabled by default. Therefore, database queries may be performed during view rendering. Explicitly configure spring.jpa.open-in-view to disable this warning
2024-10-03T22:17:07.711+04:00  WARN 30976 --- [server] [           main] .s.s.UserDetailsServiceAutoConfiguration : 

Using generated security password: 82ee0bf7-78be-460e-be81-616cd346d862

This generated password is for development use only. Your security configuration must be updated before running your application in production.

2024-10-03T22:17:07.814+04:00  INFO 30976 --- [server] [           main] o.s.s.web.DefaultSecurityFilterChain     : Will secure any request with [org.springframework.security.web.session.DisableEncodeUrlFilter@2118d522, org.springframework.security.web.context.request.async.WebAsyncManagerIntegrationFilter@2cbfc87f, org.springframework.security.web.context.SecurityContextHolderFilter@5a727ed9, org.springframework.security.web.header.HeaderWriterFilter@383abc3f, org.springframework.security.web.authentication.logout.LogoutFilter@ff05b4d, org.springframework.security.web.savedrequest.RequestCacheAwareFilter@25ca4d48, org.springframework.security.web.servletapi.SecurityContextHolderAwareRequestFilter@2b0bebff, org.springframework.security.web.authentication.AnonymousAuthenticationFilter@6b600259, org.springframework.security.web.access.ExceptionTranslationFilter@9e0f5e3, org.springframework.security.web.access.intercept.AuthorizationFilter@c87bf1e]
2024-10-03T22:17:08.175+04:00  INFO 30976 --- [server] [           main] o.s.b.a.h2.H2ConsoleAutoConfiguration    : H2 console available at '/h2-console'. Database available at 'jdbc:h2:mem:testdb'
2024-10-03T22:17:08.265+04:00  INFO 30976 --- [server] [           main] c.example.server.ServerApplicationTests  : Started ServerApplicationTests in 5.425 seconds (process running for 14.045)
]]></system-out>
  </testcase>
</testsuite>