<?xml version="1.0" encoding="UTF-8"?>
<testsuite xmlns:xsi="http://www.w3.org/2001/XMLSchema-instance" xsi:noNamespaceSchemaLocation="https://maven.apache.org/surefire/maven-surefire-plugin/xsd/surefire-test-report-3.0.xsd" version="3.0" name="com.example.server.controllerTest.UserAccountControllerTest" time="0.999" tests="11" errors="0" skipped="0" failures="0">
  <properties>
[...]
</properties>
  <testcase name="testDeleteAccount_Success" classname="com.example.server.controllerTest.UserAccountControllerTest" time="0.042">
    <system-out><![CDATA[2024-10-03T22:17:01.818+04:00  INFO 30976 --- [server] [           main] t.c.s.AnnotationConfigContextLoaderUtils : Could not detect default configuration classes for test class [com.example.server.controllerTest.UserAccountControllerTest]: UserAccountControllerTest does not declare any static, non-private, non-final, nested classes annotated with @Configuration.
2024-10-03T22:17:01.845+04:00  INFO 30976 --- [server] [           main] .b.t.c.SpringBootTestContextBootstrapper : Found @SpringBootConfiguration com.example.server.ServerApplication for test class com.example.server.controllerTest.UserAccountControllerTest
2024-10-03T22:17:01.854+04:00  INFO 30976 --- [server] [           main] o.s.b.d.r.RestartApplicationListener     : Restart disabled due to context in which it is running

  .   ____          _            __ _ _
 /\\ / ___'_ __ _ _(_)_ __  __ _ \ \ \ \
( ( )\___ | '_ | '_| | '_ \/ _` | \ \ \ \
 \\/  ___)| |_)| | | | | || (_| |  ) ) ) )
  '  |____| .__|_| |_|_| |_\__, | / / / /
 =========|_|==============|___/=/_/_/_/
 :: Spring Boot ::               (v3.2.10)

2024-10-03T22:17:01.902+04:00  INFO 30976 --- [server] [           main] c.e.s.c.UserAccountControllerTest        : Starting UserAccountControllerTest using Java 17.0.8 with PID 30976 (started by AADHIVEL in c:\Users\AADHIVEL\OneDrive\Desktop\RAK Bank\server\server)
2024-10-03T22:17:01.902+04:00  INFO 30976 --- [server] [           main] c.e.s.c.UserAccountControllerTest        : No active profile set, falling back to 1 default profile: "default"
2024-10-03T22:17:02.289+04:00  WARN 30976 --- [server] [           main] .s.s.UserDetailsServiceAutoConfiguration : 

Using generated security password: cea123d0-9a2d-4cb3-8a07-bf542df3791f

This generated password is for development use only. Your security configuration must be updated before running your application in production.

2024-10-03T22:17:02.297+04:00  INFO 30976 --- [server] [           main] o.s.s.web.DefaultSecurityFilterChain     : Will secure any request with [org.springframework.security.web.session.DisableEncodeUrlFilter@7c2b2b56, org.springframework.security.web.context.request.async.WebAsyncManagerIntegrationFilter@26420ed1, org.springframework.security.web.context.SecurityContextHolderFilter@5e396d2c, org.springframework.security.web.header.HeaderWriterFilter@7da3cbeb, org.springframework.security.web.csrf.CsrfFilter@27d1b432, org.springframework.security.web.authentication.logout.LogoutFilter@18c49ecb, org.springframework.security.web.authentication.UsernamePasswordAuthenticationFilter@180c785d, org.springframework.security.web.authentication.ui.DefaultLoginPageGeneratingFilter@6018ff75, org.springframework.security.web.authentication.ui.DefaultLogoutPageGeneratingFilter@5df744d4, org.springframework.security.web.authentication.www.BasicAuthenticationFilter@24028f51, org.springframework.security.web.savedrequest.RequestCacheAwareFilter@74e322fd, org.springframework.security.web.servletapi.SecurityContextHolderAwareRequestFilter@387907d, org.springframework.security.web.authentication.AnonymousAuthenticationFilter@6dbf203c, org.springframework.security.web.access.ExceptionTranslationFilter@6ae37b3, org.springframework.security.web.access.intercept.AuthorizationFilter@bb510b]
2024-10-03T22:17:02.304+04:00  INFO 30976 --- [server] [           main] o.s.b.t.m.w.SpringBootMockServletContext : Initializing Spring TestDispatcherServlet ''
2024-10-03T22:17:02.304+04:00  INFO 30976 --- [server] [           main] o.s.t.web.servlet.TestDispatcherServlet  : Initializing Servlet ''
2024-10-03T22:17:02.305+04:00  INFO 30976 --- [server] [           main] o.s.t.web.servlet.TestDispatcherServlet  : Completed initialization in 0 ms
2024-10-03T22:17:02.312+04:00  INFO 30976 --- [server] [           main] c.e.s.c.UserAccountControllerTest        : Started UserAccountControllerTest in 0.458 seconds (process running for 8.093)
2024-10-03T22:17:02.351+04:00  INFO 30976 --- [server] [           main] o.s.mock.web.MockServletContext          : Initializing Spring TestDispatcherServlet ''
2024-10-03T22:17:02.351+04:00  INFO 30976 --- [server] [           main] o.s.t.web.servlet.TestDispatcherServlet  : Initializing Servlet ''
2024-10-03T22:17:02.352+04:00  INFO 30976 --- [server] [           main] o.s.t.web.servlet.TestDispatcherServlet  : Completed initialization in 1 ms
]]></system-out>
  </testcase>
  <testcase name="testDeleteAccount_NotFound" classname="com.example.server.controllerTest.UserAccountControllerTest" time="0.023">
    <system-out><![CDATA[2024-10-03T22:17:02.377+04:00  INFO 30976 --- [server] [           main] o.s.mock.web.MockServletContext          : Initializing Spring TestDispatcherServlet ''
2024-10-03T22:17:02.377+04:00  INFO 30976 --- [server] [           main] o.s.t.web.servlet.TestDispatcherServlet  : Initializing Servlet ''
2024-10-03T22:17:02.378+04:00  INFO 30976 --- [server] [           main] o.s.t.web.servlet.TestDispatcherServlet  : Completed initialization in 1 ms
]]></system-out>
  </testcase>
  <testcase name="testUpdateAccount_NotFound" classname="com.example.server.controllerTest.UserAccountControllerTest" time="0.175">
    <system-out><![CDATA[2024-10-03T22:17:02.402+04:00  INFO 30976 --- [server] [           main] o.s.mock.web.MockServletContext          : Initializing Spring TestDispatcherServlet ''
2024-10-03T22:17:02.402+04:00  INFO 30976 --- [server] [           main] o.s.t.web.servlet.TestDispatcherServlet  : Initializing Servlet ''
2024-10-03T22:17:02.403+04:00  INFO 30976 --- [server] [           main] o.s.t.web.servlet.TestDispatcherServlet  : Completed initialization in 0 ms
]]></system-out>
  </testcase>
  <testcase name="testCreateAccount" classname="com.example.server.controllerTest.UserAccountControllerTest" time="0.04">
    <system-out><![CDATA[2024-10-03T22:17:02.583+04:00  INFO 30976 --- [server] [           main] o.s.mock.web.MockServletContext          : Initializing Spring TestDispatcherServlet ''
2024-10-03T22:17:02.584+04:00  INFO 30976 --- [server] [           main] o.s.t.web.servlet.TestDispatcherServlet  : Initializing Servlet ''
2024-10-03T22:17:02.584+04:00  INFO 30976 --- [server] [           main] o.s.t.web.servlet.TestDispatcherServlet  : Completed initialization in 0 ms
]]></system-out>
  </testcase>
  <testcase name="testGetAccountById" classname="com.example.server.controllerTest.UserAccountControllerTest" time="0.024">
    <system-out><![CDATA[2024-10-03T22:17:02.625+04:00  INFO 30976 --- [server] [           main] o.s.mock.web.MockServletContext          : Initializing Spring TestDispatcherServlet ''
2024-10-03T22:17:02.625+04:00  INFO 30976 --- [server] [           main] o.s.t.web.servlet.TestDispatcherServlet  : Initializing Servlet ''
2024-10-03T22:17:02.625+04:00  INFO 30976 --- [server] [           main] o.s.t.web.servlet.TestDispatcherServlet  : Completed initialization in 0 ms
]]></system-out>
  </testcase>
  <testcase name="testUpdateAccount" classname="com.example.server.controllerTest.UserAccountControllerTest" time="0.026">
    <system-out><![CDATA[2024-10-03T22:17:02.653+04:00  INFO 30976 --- [server] [           main] o.s.mock.web.MockServletContext          : Initializing Spring TestDispatcherServlet ''
2024-10-03T22:17:02.653+04:00  INFO 30976 --- [server] [           main] o.s.t.web.servlet.TestDispatcherServlet  : Initializing Servlet ''
2024-10-03T22:17:02.653+04:00  INFO 30976 --- [server] [           main] o.s.t.web.servlet.TestDispatcherServlet  : Completed initialization in 0 ms
]]></system-out>
  </testcase>
  <testcase name="testUpdatePassword_NotFound" classname="com.example.server.controllerTest.UserAccountControllerTest" time="0.04">
    <system-out><![CDATA[2024-10-03T22:17:02.683+04:00  INFO 30976 --- [server] [           main] o.s.mock.web.MockServletContext          : Initializing Spring TestDispatcherServlet ''
2024-10-03T22:17:02.684+04:00  INFO 30976 --- [server] [           main] o.s.t.web.servlet.TestDispatcherServlet  : Initializing Servlet ''
2024-10-03T22:17:02.684+04:00  INFO 30976 --- [server] [           main] o.s.t.web.servlet.TestDispatcherServlet  : Completed initialization in 0 ms
]]></system-out>
  </testcase>
  <testcase name="testGetAllAccounts" classname="com.example.server.controllerTest.UserAccountControllerTest" time="0.02">
    <system-out><![CDATA[2024-10-03T22:17:02.726+04:00  INFO 30976 --- [server] [           main] o.s.mock.web.MockServletContext          : Initializing Spring TestDispatcherServlet ''
2024-10-03T22:17:02.727+04:00  INFO 30976 --- [server] [           main] o.s.t.web.servlet.TestDispatcherServlet  : Initializing Servlet ''
2024-10-03T22:17:02.727+04:00  INFO 30976 --- [server] [           main] o.s.t.web.servlet.TestDispatcherServlet  : Completed initialization in 0 ms
]]></system-out>
  </testcase>
  <testcase name="testUpdatePassword" classname="com.example.server.controllerTest.UserAccountControllerTest" time="0.027">
    <system-out><![CDATA[2024-10-03T22:17:02.749+04:00  INFO 30976 --- [server] [           main] o.s.mock.web.MockServletContext          : Initializing Spring TestDispatcherServlet ''
2024-10-03T22:17:02.749+04:00  INFO 30976 --- [server] [           main] o.s.t.web.servlet.TestDispatcherServlet  : Initializing Servlet ''
2024-10-03T22:17:02.749+04:00  INFO 30976 --- [server] [           main] o.s.t.web.servlet.TestDispatcherServlet  : Completed initialization in 0 ms
]]></system-out>
  </testcase>
  <testcase name="testCreateAccount_EmailAlreadyExists" classname="com.example.server.controllerTest.UserAccountControllerTest" time="0.024">
    <system-out><![CDATA[2024-10-03T22:17:02.779+04:00  INFO 30976 --- [server] [           main] o.s.mock.web.MockServletContext          : Initializing Spring TestDispatcherServlet ''
2024-10-03T22:17:02.779+04:00  INFO 30976 --- [server] [           main] o.s.t.web.servlet.TestDispatcherServlet  : Initializing Servlet ''
2024-10-03T22:17:02.779+04:00  INFO 30976 --- [server] [           main] o.s.t.web.servlet.TestDispatcherServlet  : Completed initialization in 0 ms
]]></system-out>
  </testcase>
  <testcase name="testGetAccountById_NotFound" classname="com.example.server.controllerTest.UserAccountControllerTest" time="0.016">
    <system-out><![CDATA[2024-10-03T22:17:02.806+04:00  INFO 30976 --- [server] [           main] o.s.mock.web.MockServletContext          : Initializing Spring TestDispatcherServlet ''
2024-10-03T22:17:02.806+04:00  INFO 30976 --- [server] [           main] o.s.t.web.servlet.TestDispatcherServlet  : Initializing Servlet ''
2024-10-03T22:17:02.806+04:00  INFO 30976 --- [server] [           main] o.s.t.web.servlet.TestDispatcherServlet  : Completed initialization in 0 ms
]]></system-out>
  </testcase>
</testsuite>